<!DOCTYPE html PUBLIC "-//W3C//DTD XHTML 1.1//EN" "https://www.w3.org/TR/xhtml11/DTD/xhtml11.dtd">
<html xmlns="https://www.w3.org/1999/xhtml">
<head>
<meta http-equiv="content-type" content="text/html; charset=UTF-8"/>
<title>TestNG Report</title>
<style type="text/css">table {margin-bottom:10px;border-collapse:collapse;empty-cells:show}th,td {border:1px solid #009;padding:.25em .5em}th {vertical-align:bottom}td {vertical-align:top}table a {font-weight:bold}.stripe td {background-color: #E6EBF9}.num {text-align:right}.passedodd td {background-color: #3F3}.passedeven td {background-color: #0A0}.skippedodd td {background-color: #DDD}.skippedeven td {background-color: #CCC}.failedodd td,.attn {background-color: #F33}.failedeven td,.stripe .attn {background-color: #D00}.stacktrace {white-space:pre;font-family:monospace}.totop {font-size:85%;text-align:center;border-bottom:2px solid #000}.invisible {display:none}</style>
</head>
<body>
<table>
<tr><th>Test</th><th># Passed</th><th># Skipped</th><th># Retried</th><th># Failed</th><th>Time (ms)</th><th>Included Groups</th><th>Excluded Groups</th></tr>
<tr><th colspan="8">nopCommerce Suite</th></tr>
<tr><td><a href="#t0">NopCommerce Tests</a></td><td class="num">23</td><td class="num">0</td><td class="num">0</td><td class="num attn">7</td><td class="num">712,767</td><td></td><td></td></tr>
</table>
<table id='summary'><thead><tr><th>Class</th><th>Method</th><th>Start</th><th>Time (ms)</th></tr></thead><tbody><tr><th colspan="4">nopCommerce Suite</th></tr></tbody><tbody id="t0"><tr><th colspan="4">NopCommerce Tests &#8212; failed</th></tr><tr class="failedeven"><td rowspan="1">com.nopcommerce.tests.BillingAddressTest</td><td><a href="#m0">testFillBillingAddressIfNeeded</a></td><td rowspan="1">1757338991256</td><td rowspan="1">15186</td></tr><tr class="failedodd"><td rowspan="1">com.nopcommerce.tests.ConfirmOrderTest</td><td><a href="#m1">testConfirmOrderAndContinue</a></td><td rowspan="1">1757339065333</td><td rowspan="1">25388</td></tr><tr class="failedeven"><td rowspan="1">com.nopcommerce.tests.LoginTest</td><td><a href="#m2">loginWithValidData</a></td><td rowspan="1">1757338809712</td><td rowspan="1">16566</td></tr><tr class="failedodd"><td rowspan="1">com.nopcommerce.tests.PaymentInformationTest</td><td><a href="#m3">testFillCreditCardPaymentInfo</a></td><td rowspan="1">1757339040055</td><td rowspan="1">25157</td></tr><tr class="failedeven"><td rowspan="1">com.nopcommerce.tests.PaymentMethodTest</td><td><a href="#m4">testSelectCreditCardAndContinue</a></td><td rowspan="1">1757339023296</td><td rowspan="1">16625</td></tr><tr class="failedodd"><td rowspan="1">com.nopcommerce.tests.ShippingMethodTest</td><td><a href="#m5">testSelectShippingMethod</a></td><td rowspan="1">1757339006557</td><td rowspan="1">16622</td></tr><tr class="failedeven"><td rowspan="1">com.nopcommerce.tests.VendorApplyTest</td><td><a href="#m6">testVendorApplyPage</a></td><td rowspan="1">1757339485566</td><td rowspan="1">17702</td></tr><tr><th colspan="4">NopCommerce Tests &#8212; passed</th></tr><tr class="passedeven"><td rowspan="1">com.nopcommerce.tests.AboutUsTest</td><td><a href="#m7">testClickAboutUs</a></td><td rowspan="1">1757339476971</td><td rowspan="1">1114</td></tr><tr class="passedodd"><td rowspan="1">com.nopcommerce.tests.BlogTest</td><td><a href="#m8">testBlogPage</a></td><td rowspan="1">1757339480660</td><td rowspan="1">2168</td></tr><tr class="passedeven"><td rowspan="1">com.nopcommerce.tests.CheckoutTest</td><td><a href="#m9">testProceedToCheckout</a></td><td rowspan="1">1757338981447</td><td rowspan="1">9809</td></tr><tr class="passedodd"><td rowspan="1">com.nopcommerce.tests.CommentsTest</td><td><a href="#m10">testAddCommentAndScroll</a></td><td rowspan="1">1757339471208</td><td rowspan="1">5763</td></tr><tr class="passedeven"><td rowspan="1">com.nopcommerce.tests.ContactUsTest</td><td><a href="#m11">testContactUsForm</a></td><td rowspan="1">1757339478138</td><td rowspan="1">2512</td></tr><tr class="passedodd"><td rowspan="1">com.nopcommerce.tests.CurrencyTest</td><td><a href="#m12">testSelectCurrency</a></td><td rowspan="1">1757339136602</td><td rowspan="1">245536</td></tr><tr class="passedeven"><td rowspan="1">com.nopcommerce.tests.LogoutTest</td><td><a href="#m13">testLogout</a></td><td rowspan="1">1757339509106</td><td rowspan="1">6508</td></tr><tr class="passedodd"><td rowspan="1">com.nopcommerce.tests.MyAccountTest</td><td><a href="#m14">testMyAccountSaveAndGoHome</a></td><td rowspan="1">1757339090858</td><td rowspan="1">25181</td></tr><tr class="passedeven"><td rowspan="1">com.nopcommerce.tests.NewProductsTest</td><td><a href="#m15">testNewProductsPage</a></td><td rowspan="1">1757339482830</td><td rowspan="1">2735</td></tr><tr class="passedodd"><td rowspan="1">com.nopcommerce.tests.NewsTest</td><td><a href="#m16">testNewsComment</a></td><td rowspan="1">1757339382142</td><td rowspan="1">89066</td></tr><tr class="passedeven"><td rowspan="1">com.nopcommerce.tests.NewsletterTest</td><td><a href="#m17">testSubscribeNewsletter</a></td><td rowspan="1">1757339133834</td><td rowspan="1">2766</td></tr><tr class="passedodd"><td rowspan="1">com.nopcommerce.tests.PollTest</td><td><a href="#m18">testVotePoll</a></td><td rowspan="1">1757339116041</td><td rowspan="1">3700</td></tr><tr class="passedeven"><td rowspan="2">com.nopcommerce.tests.ProductTest</td><td><a href="#m19">testAddProductToCart</a></td><td rowspan="1">1757338963438</td><td rowspan="1">4035</td></tr><tr class="passedeven"><td><a href="#m20">testAddProductToWishlist</a></td><td rowspan="1">1757338967473</td><td rowspan="1">5192</td></tr><tr class="passedodd"><td rowspan="1">com.nopcommerce.tests.RecentlyViewedProductsTest</td><td><a href="#m21">testRecentlyViewedProductsPage</a></td><td rowspan="1">1757339506902</td><td rowspan="1">2204</td></tr><tr class="passedeven"><td rowspan="1">com.nopcommerce.tests.RegisterTest</td><td><a href="#m22">registerWithValidData</a></td><td rowspan="1">1757338802911</td><td rowspan="1">6796</td></tr><tr class="passedodd"><td rowspan="2">com.nopcommerce.tests.SearchTest</td><td><a href="#m23">testInvalidSearch_NoProductFound</a></td><td rowspan="1">1757338908574</td><td rowspan="1">1620</td></tr><tr class="passedodd"><td><a href="#m24">testValidSearchAndClickProduct</a></td><td rowspan="1">1757338910196</td><td rowspan="1">49804</td></tr><tr class="passedeven"><td rowspan="1">com.nopcommerce.tests.ShoppingCartTest</td><td><a href="#m25">testOpenShoppingCartAndTickTerms</a></td><td rowspan="1">1757338972665</td><td rowspan="1">8779</td></tr><tr class="passedodd"><td rowspan="1">com.nopcommerce.tests.SocialMediaTest</td><td><a href="#m26">testSocialMediaLinks</a></td><td rowspan="1">1757339119744</td><td rowspan="1">14087</td></tr><tr class="passedeven"><td rowspan="1">com.nopcommerce.tests.TopMenuTest</td><td><a href="#m27">topMenuNavigationTest</a></td><td rowspan="1">1757338826453</td><td rowspan="1">82116</td></tr><tr class="passedodd"><td rowspan="1">com.nopcommerce.tests.VendorApplyDetailsTest</td><td><a href="#m28">testVendorApplyForm</a></td><td rowspan="1">1757339503385</td><td rowspan="1">3516</td></tr><tr class="passedeven"><td rowspan="1">com.nopcommerce.tests.WishlistTest</td><td><a href="#m29">testOpenWishlistPage</a></td><td rowspan="1">1757338960002</td><td rowspan="1">3434</td></tr></tbody>
</table>
<h2>NopCommerce Tests</h2><h3 id="m0">com.nopcommerce.tests.BillingAddressTest#testFillBillingAddressIfNeeded</h3><table class="result"><tr><th>Exception</th></tr><tr><td><div class="stacktrace">org.openqa.selenium.TimeoutException: Expected condition failed: waiting for element to be clickable: By.cssSelector: button.new-address-next-step-button (tried for 15 second(s) with 500 milliseconds interval)
Build info: version: &apos;4.21.0&apos;, revision: &apos;79ed462ef4&apos;
System info: os.name: &apos;Windows 11&apos;, os.arch: &apos;amd64&apos;, os.version: &apos;10.0&apos;, java.version: &apos;21.0.4&apos;
Driver info: org.openqa.selenium.chrome.ChromeDriver
Capabilities {acceptInsecureCerts: false, browserName: chrome, browserVersion: 140.0.7339.80, chrome: {chromedriverVersion: 140.0.7339.80 (670b6f192f46..., userDataDir: C:\Users\SAIVAR~1\AppData\L...}, fedcm:accounts: true, goog:chromeOptions: {debuggerAddress: localhost:57748}, networkConnectionEnabled: false, pageLoadStrategy: normal, platformName: windows, proxy: Proxy(), se:cdp: ws://localhost:57748/devtoo..., se:cdpVersion: 140.0.7339.80, setWindowRect: true, strictFileInteractability: false, timeouts: {implicit: 0, pageLoad: 300000, script: 30000}, unhandledPromptBehavior: dismiss and notify, webauthn:extension:credBlob: true, webauthn:extension:largeBlob: true, webauthn:extension:minPinLength: true, webauthn:extension:prf: true, webauthn:virtualAuthenticators: true}
Session ID: 41bbac98081a7272aa2d3d991906dfc9
	at org.openqa.selenium.support.ui.WebDriverWait.timeoutException(WebDriverWait.java:84)
	at org.openqa.selenium.support.ui.FluentWait.until(FluentWait.java:228)
	at com.nopcommerce.pages.BillingAddressPage.clickContinue(BillingAddressPage.java:65)
	at com.nopcommerce.tests.BillingAddressTest.testFillBillingAddressIfNeeded(BillingAddressTest.java:21)
	at java.base/java.util.ArrayList.forEach(ArrayList.java:1596)
... Removed 25 stack frames</div></td></tr></table><p class="totop"><a href="#summary">back to summary</a></p>
<h3 id="m1">com.nopcommerce.tests.ConfirmOrderTest#testConfirmOrderAndContinue</h3><table class="result"><tr><th>Exception</th></tr><tr><td><div class="stacktrace">org.openqa.selenium.TimeoutException: Expected condition failed: waiting for element to be clickable: By.cssSelector: button.confirm-order-next-step-button (tried for 25 second(s) with 500 milliseconds interval)
Build info: version: &apos;4.21.0&apos;, revision: &apos;79ed462ef4&apos;
System info: os.name: &apos;Windows 11&apos;, os.arch: &apos;amd64&apos;, os.version: &apos;10.0&apos;, java.version: &apos;21.0.4&apos;
Driver info: org.openqa.selenium.chrome.ChromeDriver
Capabilities {acceptInsecureCerts: false, browserName: chrome, browserVersion: 140.0.7339.80, chrome: {chromedriverVersion: 140.0.7339.80 (670b6f192f46..., userDataDir: C:\Users\SAIVAR~1\AppData\L...}, fedcm:accounts: true, goog:chromeOptions: {debuggerAddress: localhost:57748}, networkConnectionEnabled: false, pageLoadStrategy: normal, platformName: windows, proxy: Proxy(), se:cdp: ws://localhost:57748/devtoo..., se:cdpVersion: 140.0.7339.80, setWindowRect: true, strictFileInteractability: false, timeouts: {implicit: 0, pageLoad: 300000, script: 30000}, unhandledPromptBehavior: dismiss and notify, webauthn:extension:credBlob: true, webauthn:extension:largeBlob: true, webauthn:extension:minPinLength: true, webauthn:extension:prf: true, webauthn:virtualAuthenticators: true}
Session ID: 41bbac98081a7272aa2d3d991906dfc9
	at org.openqa.selenium.support.ui.WebDriverWait.timeoutException(WebDriverWait.java:84)
	at org.openqa.selenium.support.ui.FluentWait.until(FluentWait.java:228)
	at com.nopcommerce.pages.ConfirmOrderPage.clickConfirm(ConfirmOrderPage.java:24)
	at com.nopcommerce.tests.ConfirmOrderTest.testConfirmOrderAndContinue(ConfirmOrderTest.java:14)
	at java.base/java.util.ArrayList.forEach(ArrayList.java:1596)
... Removed 25 stack frames</div></td></tr></table><p class="totop"><a href="#summary">back to summary</a></p>
<h3 id="m2">com.nopcommerce.tests.LoginTest#loginWithValidData</h3><table class="result"><tr><th>Exception</th></tr><tr><td><div class="stacktrace">org.openqa.selenium.TimeoutException: Expected condition failed: waiting for element to be clickable: By.className: ico-login (tried for 10 second(s) with 500 milliseconds interval)
Build info: version: &apos;4.21.0&apos;, revision: &apos;79ed462ef4&apos;
System info: os.name: &apos;Windows 11&apos;, os.arch: &apos;amd64&apos;, os.version: &apos;10.0&apos;, java.version: &apos;21.0.4&apos;
Driver info: org.openqa.selenium.chrome.ChromeDriver
Capabilities {acceptInsecureCerts: false, browserName: chrome, browserVersion: 140.0.7339.80, chrome: {chromedriverVersion: 140.0.7339.80 (670b6f192f46..., userDataDir: C:\Users\SAIVAR~1\AppData\L...}, fedcm:accounts: true, goog:chromeOptions: {debuggerAddress: localhost:57748}, networkConnectionEnabled: false, pageLoadStrategy: normal, platformName: windows, proxy: Proxy(), se:cdp: ws://localhost:57748/devtoo..., se:cdpVersion: 140.0.7339.80, setWindowRect: true, strictFileInteractability: false, timeouts: {implicit: 0, pageLoad: 300000, script: 30000}, unhandledPromptBehavior: dismiss and notify, webauthn:extension:credBlob: true, webauthn:extension:largeBlob: true, webauthn:extension:minPinLength: true, webauthn:extension:prf: true, webauthn:virtualAuthenticators: true}
Session ID: 41bbac98081a7272aa2d3d991906dfc9
	at org.openqa.selenium.support.ui.WebDriverWait.timeoutException(WebDriverWait.java:84)
	at org.openqa.selenium.support.ui.FluentWait.until(FluentWait.java:228)
	at com.nopcommerce.pages.LoginPage.openLoginPage(LoginPage.java:27)
	at com.nopcommerce.tests.LoginTest.loginWithValidData(LoginTest.java:15)
	at java.base/java.util.ArrayList.forEach(ArrayList.java:1596)
... Removed 25 stack frames</div></td></tr></table><p class="totop"><a href="#summary">back to summary</a></p>
<h3 id="m3">com.nopcommerce.tests.PaymentInformationTest#testFillCreditCardPaymentInfo</h3><table class="result"><tr><th>Exception</th></tr><tr><td><div class="stacktrace">org.openqa.selenium.TimeoutException: Expected condition failed: waiting for visibility of element located by By.id: CreditCardType (tried for 25 second(s) with 500 milliseconds interval)
Build info: version: &apos;4.21.0&apos;, revision: &apos;79ed462ef4&apos;
System info: os.name: &apos;Windows 11&apos;, os.arch: &apos;amd64&apos;, os.version: &apos;10.0&apos;, java.version: &apos;21.0.4&apos;
Driver info: org.openqa.selenium.chrome.ChromeDriver
Capabilities {acceptInsecureCerts: false, browserName: chrome, browserVersion: 140.0.7339.80, chrome: {chromedriverVersion: 140.0.7339.80 (670b6f192f46..., userDataDir: C:\Users\SAIVAR~1\AppData\L...}, fedcm:accounts: true, goog:chromeOptions: {debuggerAddress: localhost:57748}, networkConnectionEnabled: false, pageLoadStrategy: normal, platformName: windows, proxy: Proxy(), se:cdp: ws://localhost:57748/devtoo..., se:cdpVersion: 140.0.7339.80, setWindowRect: true, strictFileInteractability: false, timeouts: {implicit: 0, pageLoad: 300000, script: 30000}, unhandledPromptBehavior: dismiss and notify, webauthn:extension:credBlob: true, webauthn:extension:largeBlob: true, webauthn:extension:minPinLength: true, webauthn:extension:prf: true, webauthn:virtualAuthenticators: true}
Session ID: 41bbac98081a7272aa2d3d991906dfc9
	at org.openqa.selenium.support.ui.WebDriverWait.timeoutException(WebDriverWait.java:84)
	at org.openqa.selenium.support.ui.FluentWait.until(FluentWait.java:228)
	at com.nopcommerce.pages.PaymentInformationPage.waitForPaymentFields(PaymentInformationPage.java:29)
	at com.nopcommerce.tests.PaymentInformationTest.testFillCreditCardPaymentInfo(PaymentInformationTest.java:14)
	at java.base/java.util.ArrayList.forEach(ArrayList.java:1596)
... Removed 25 stack frames</div></td></tr></table><p class="totop"><a href="#summary">back to summary</a></p>
<h3 id="m4">com.nopcommerce.tests.PaymentMethodTest#testSelectCreditCardAndContinue</h3><table class="result"><tr><th>Exception</th></tr><tr><td><div class="stacktrace">org.openqa.selenium.TimeoutException: Expected condition failed: waiting for element to be clickable: By.id: paymentmethod_1 (tried for 15 second(s) with 500 milliseconds interval)
Build info: version: &apos;4.21.0&apos;, revision: &apos;79ed462ef4&apos;
System info: os.name: &apos;Windows 11&apos;, os.arch: &apos;amd64&apos;, os.version: &apos;10.0&apos;, java.version: &apos;21.0.4&apos;
Driver info: org.openqa.selenium.chrome.ChromeDriver
Capabilities {acceptInsecureCerts: false, browserName: chrome, browserVersion: 140.0.7339.80, chrome: {chromedriverVersion: 140.0.7339.80 (670b6f192f46..., userDataDir: C:\Users\SAIVAR~1\AppData\L...}, fedcm:accounts: true, goog:chromeOptions: {debuggerAddress: localhost:57748}, networkConnectionEnabled: false, pageLoadStrategy: normal, platformName: windows, proxy: Proxy(), se:cdp: ws://localhost:57748/devtoo..., se:cdpVersion: 140.0.7339.80, setWindowRect: true, strictFileInteractability: false, timeouts: {implicit: 0, pageLoad: 300000, script: 30000}, unhandledPromptBehavior: dismiss and notify, webauthn:extension:credBlob: true, webauthn:extension:largeBlob: true, webauthn:extension:minPinLength: true, webauthn:extension:prf: true, webauthn:virtualAuthenticators: true}
Session ID: 41bbac98081a7272aa2d3d991906dfc9
	at org.openqa.selenium.support.ui.WebDriverWait.timeoutException(WebDriverWait.java:84)
	at org.openqa.selenium.support.ui.FluentWait.until(FluentWait.java:228)
	at com.nopcommerce.pages.PaymentMethodPage.selectPaymentMethod(PaymentMethodPage.java:28)
	at com.nopcommerce.tests.PaymentMethodTest.testSelectCreditCardAndContinue(PaymentMethodTest.java:14)
	at java.base/java.util.ArrayList.forEach(ArrayList.java:1596)
... Removed 25 stack frames</div></td></tr></table><p class="totop"><a href="#summary">back to summary</a></p>
<h3 id="m5">com.nopcommerce.tests.ShippingMethodTest#testSelectShippingMethod</h3><table class="result"><tr><th>Exception</th></tr><tr><td><div class="stacktrace">org.openqa.selenium.TimeoutException: Expected condition failed: waiting for visibility of all elements located by By.name: shippingoption (tried for 15 second(s) with 500 milliseconds interval)
Build info: version: &apos;4.21.0&apos;, revision: &apos;79ed462ef4&apos;
System info: os.name: &apos;Windows 11&apos;, os.arch: &apos;amd64&apos;, os.version: &apos;10.0&apos;, java.version: &apos;21.0.4&apos;
Driver info: org.openqa.selenium.chrome.ChromeDriver
Capabilities {acceptInsecureCerts: false, browserName: chrome, browserVersion: 140.0.7339.80, chrome: {chromedriverVersion: 140.0.7339.80 (670b6f192f46..., userDataDir: C:\Users\SAIVAR~1\AppData\L...}, fedcm:accounts: true, goog:chromeOptions: {debuggerAddress: localhost:57748}, networkConnectionEnabled: false, pageLoadStrategy: normal, platformName: windows, proxy: Proxy(), se:cdp: ws://localhost:57748/devtoo..., se:cdpVersion: 140.0.7339.80, setWindowRect: true, strictFileInteractability: false, timeouts: {implicit: 0, pageLoad: 300000, script: 30000}, unhandledPromptBehavior: dismiss and notify, webauthn:extension:credBlob: true, webauthn:extension:largeBlob: true, webauthn:extension:minPinLength: true, webauthn:extension:prf: true, webauthn:virtualAuthenticators: true}
Session ID: 41bbac98081a7272aa2d3d991906dfc9
	at org.openqa.selenium.support.ui.WebDriverWait.timeoutException(WebDriverWait.java:84)
	at org.openqa.selenium.support.ui.FluentWait.until(FluentWait.java:228)
	at com.nopcommerce.pages.ShippingMethodPage.selectShippingOption(ShippingMethodPage.java:24)
	at com.nopcommerce.tests.ShippingMethodTest.testSelectShippingMethod(ShippingMethodTest.java:14)
	at java.base/java.util.ArrayList.forEach(ArrayList.java:1596)
... Removed 25 stack frames</div></td></tr></table><p class="totop"><a href="#summary">back to summary</a></p>
<h3 id="m6">com.nopcommerce.tests.VendorApplyTest#testVendorApplyPage</h3><table class="result"><tr><th>Exception</th></tr><tr><td><div class="stacktrace">org.openqa.selenium.TimeoutException: Expected condition failed: waiting for visibility of element located by By.cssSelector: form#apply-vendor-form (tried for 15 second(s) with 500 milliseconds interval)
Build info: version: &apos;4.21.0&apos;, revision: &apos;79ed462ef4&apos;
System info: os.name: &apos;Windows 11&apos;, os.arch: &apos;amd64&apos;, os.version: &apos;10.0&apos;, java.version: &apos;21.0.4&apos;
Driver info: org.openqa.selenium.chrome.ChromeDriver
Capabilities {acceptInsecureCerts: false, browserName: chrome, browserVersion: 140.0.7339.80, chrome: {chromedriverVersion: 140.0.7339.80 (670b6f192f46..., userDataDir: C:\Users\SAIVAR~1\AppData\L...}, fedcm:accounts: true, goog:chromeOptions: {debuggerAddress: localhost:57748}, networkConnectionEnabled: false, pageLoadStrategy: normal, platformName: windows, proxy: Proxy(), se:cdp: ws://localhost:57748/devtoo..., se:cdpVersion: 140.0.7339.80, setWindowRect: true, strictFileInteractability: false, timeouts: {implicit: 0, pageLoad: 300000, script: 30000}, unhandledPromptBehavior: dismiss and notify, webauthn:extension:credBlob: true, webauthn:extension:largeBlob: true, webauthn:extension:minPinLength: true, webauthn:extension:prf: true, webauthn:virtualAuthenticators: true}
Session ID: 41bbac98081a7272aa2d3d991906dfc9
	at org.openqa.selenium.support.ui.WebDriverWait.timeoutException(WebDriverWait.java:84)
	at org.openqa.selenium.support.ui.FluentWait.until(FluentWait.java:228)
	at com.nopcommerce.pages.VendorApplyPage.waitForVendorApplyPage(VendorApplyPage.java:33)
	at com.nopcommerce.tests.VendorApplyTest.testVendorApplyPage(VendorApplyTest.java:17)
	at java.base/java.util.ArrayList.forEach(ArrayList.java:1596)
... Removed 25 stack frames</div></td></tr></table><p class="totop"><a href="#summary">back to summary</a></p>
<h3 id="m7">com.nopcommerce.tests.AboutUsTest#testClickAboutUs</h3><table class="result"><tr><th class="invisible"/></tr></table><p class="totop"><a href="#summary">back to summary</a></p>
<h3 id="m8">com.nopcommerce.tests.BlogTest#testBlogPage</h3><table class="result"><tr><th class="invisible"/></tr></table><p class="totop"><a href="#summary">back to summary</a></p>
<h3 id="m9">com.nopcommerce.tests.CheckoutTest#testProceedToCheckout</h3><table class="result"><tr><th class="invisible"/></tr></table><p class="totop"><a href="#summary">back to summary</a></p>
<h3 id="m10">com.nopcommerce.tests.CommentsTest#testAddCommentAndScroll</h3><table class="result"><tr><th class="invisible"/></tr></table><p class="totop"><a href="#summary">back to summary</a></p>
<h3 id="m11">com.nopcommerce.tests.ContactUsTest#testContactUsForm</h3><table class="result"><tr><th class="invisible"/></tr></table><p class="totop"><a href="#summary">back to summary</a></p>
<h3 id="m12">com.nopcommerce.tests.CurrencyTest#testSelectCurrency</h3><table class="result"><tr><th class="invisible"/></tr></table><p class="totop"><a href="#summary">back to summary</a></p>
<h3 id="m13">com.nopcommerce.tests.LogoutTest#testLogout</h3><table class="result"><tr><th class="invisible"/></tr></table><p class="totop"><a href="#summary">back to summary</a></p>
<h3 id="m14">com.nopcommerce.tests.MyAccountTest#testMyAccountSaveAndGoHome</h3><table class="result"><tr><th class="invisible"/></tr></table><p class="totop"><a href="#summary">back to summary</a></p>
<h3 id="m15">com.nopcommerce.tests.NewProductsTest#testNewProductsPage</h3><table class="result"><tr><th class="invisible"/></tr></table><p class="totop"><a href="#summary">back to summary</a></p>
<h3 id="m16">com.nopcommerce.tests.NewsTest#testNewsComment</h3><table class="result"><tr><th class="invisible"/></tr></table><p class="totop"><a href="#summary">back to summary</a></p>
<h3 id="m17">com.nopcommerce.tests.NewsletterTest#testSubscribeNewsletter</h3><table class="result"><tr><th class="invisible"/></tr></table><p class="totop"><a href="#summary">back to summary</a></p>
<h3 id="m18">com.nopcommerce.tests.PollTest#testVotePoll</h3><table class="result"><tr><th class="invisible"/></tr></table><p class="totop"><a href="#summary">back to summary</a></p>
<h3 id="m19">com.nopcommerce.tests.ProductTest#testAddProductToCart</h3><table class="result"><tr><th class="invisible"/></tr></table><p class="totop"><a href="#summary">back to summary</a></p>
<h3 id="m20">com.nopcommerce.tests.ProductTest#testAddProductToWishlist</h3><table class="result"><tr><th class="invisible"/></tr></table><p class="totop"><a href="#summary">back to summary</a></p>
<h3 id="m21">com.nopcommerce.tests.RecentlyViewedProductsTest#testRecentlyViewedProductsPage</h3><table class="result"><tr><th class="invisible"/></tr></table><p class="totop"><a href="#summary">back to summary</a></p>
<h3 id="m22">com.nopcommerce.tests.RegisterTest#registerWithValidData</h3><table class="result"><tr><th class="invisible"/></tr></table><p class="totop"><a href="#summary">back to summary</a></p>
<h3 id="m23">com.nopcommerce.tests.SearchTest#testInvalidSearch_NoProductFound</h3><table class="result"><tr><th class="invisible"/></tr></table><p class="totop"><a href="#summary">back to summary</a></p>
<h3 id="m24">com.nopcommerce.tests.SearchTest#testValidSearchAndClickProduct</h3><table class="result"><tr><th class="invisible"/></tr></table><p class="totop"><a href="#summary">back to summary</a></p>
<h3 id="m25">com.nopcommerce.tests.ShoppingCartTest#testOpenShoppingCartAndTickTerms</h3><table class="result"><tr><th class="invisible"/></tr></table><p class="totop"><a href="#summary">back to summary</a></p>
<h3 id="m26">com.nopcommerce.tests.SocialMediaTest#testSocialMediaLinks</h3><table class="result"><tr><th class="invisible"/></tr></table><p class="totop"><a href="#summary">back to summary</a></p>
<h3 id="m27">com.nopcommerce.tests.TopMenuTest#topMenuNavigationTest</h3><table class="result"><tr><th class="invisible"/></tr></table><p class="totop"><a href="#summary">back to summary</a></p>
<h3 id="m28">com.nopcommerce.tests.VendorApplyDetailsTest#testVendorApplyForm</h3><table class="result"><tr><th class="invisible"/></tr></table><p class="totop"><a href="#summary">back to summary</a></p>
<h3 id="m29">com.nopcommerce.tests.WishlistTest#testOpenWishlistPage</h3><table class="result"><tr><th class="invisible"/></tr></table><p class="totop"><a href="#summary">back to summary</a></p>
</body>
</html>
